<?xml version="1.0" encoding="UTF-8"?>
<testng-results ignored="0" total="1" passed="1" failed="0" skipped="0">
  <reporter-output>
  </reporter-output>
  <suite started-at="2022-04-25T20:19:42 IST" name="Surefire suite" finished-at="2022-04-25T20:20:20 IST" duration-ms="37935">
    <groups>
    </groups>
    <test started-at="2022-04-25T20:19:42 IST" name="Surefire test" finished-at="2022-04-25T20:20:20 IST" duration-ms="37935">
      <class name="hachion.navyamaven.rediffloginTest">
        <test-method signature="redifflogintest()" started-at="2022-04-25T20:19:42 IST" name="redifflogintest" finished-at="2022-04-25T20:20:20 IST" duration-ms="37879" status="PASS">
          <reporter-output>
          </reporter-output>
        </test-method> <!-- redifflogintest -->
      </class> <!-- hachion.navyamaven.rediffloginTest -->
    </test> <!-- Surefire test -->
  </suite> <!-- Surefire suite -->
</testng-results>
